<testsuites id="" name="" tests="4" failures="0" skipped="0" errors="0" time="6.75492">
<testsuite name="infrastructure.spec.ts" timestamp="2025-07-15T18:32:08.373Z" hostname="chromium" tests="4" failures="0" skipped="0" time="12.642" errors="0">
<testcase name="E2E Testing Infrastructure › Test infrastructure is properly configured" classname="infrastructure.spec.ts" time="1.494">
<system-out>
<![CDATA[Infrastructure test completed successfully
]]>
</system-out>
</testcase>
<testcase name="E2E Testing Infrastructure › Test helpers functionality" classname="infrastructure.spec.ts" time="2.076">
<system-out>
<![CDATA[Test helpers working correctly
]]>
</system-out>
</testcase>
<testcase name="E2E Testing Infrastructure › Performance monitoring capabilities" classname="infrastructure.spec.ts" time="5.524">
<system-out>
<![CDATA[Performance metrics: { loadTime: [33m0[39m, domContentLoaded: [33m0[39m, firstContentfulPaint: [33m4680[39m }
]]>
</system-out>
</testcase>
<testcase name="E2E Testing Infrastructure › Error simulation and recovery" classname="infrastructure.spec.ts" time="3.548">
<system-out>
<![CDATA[Error simulation test completed
]]>
</system-out>
</testcase>
</testsuite>
</testsuites>